Unity Editor version:    2020.3.21f1 (a38c86f6690f)
Branch:                  2020.3/staging
Build type:              Release
Batch mode:              YES
macOS version:           Version 12.0.1 (Build 21A559)
Darwin version:          21.1.0
Architecture:            x86_64
Running under Rosetta:   YES
Available memory:        16384 MB
Using pre-set license
Pro License: NO

COMMAND LINE ARGUMENTS:
/Applications/Unity/Hub/Editor/2020.3.21f1/Unity.app/Contents/MacOS/Unity
-adb2
-batchMode
-noUpm
-name
AssetImportWorker0
-projectPath
/Users/gaoxuanying/Desktop/AR_SDK_ygx/Android-AR-SDK/fuck
-logFile
Logs/AssetImportWorker0.log
-srvPort
49189
Successfully changed project path to: /Users/gaoxuanying/Desktop/AR_SDK_ygx/Android-AR-SDK/fuck
/Users/gaoxuanying/Desktop/AR_SDK_ygx/Android-AR-SDK/fuck
Using Asset Import Pipeline V2.
Refreshing native plugins compatible for Editor in 47.67 ms, found 2 plugins.
Preloading 0 native plugins for Editor in 0.00 ms.
Initialize engine version: 2020.3.21f1 (a38c86f6690f)
[Subsystems] Discovering subsystems at path /Applications/Unity/Hub/Editor/2020.3.21f1/Unity.app/Contents/Resources/UnitySubsystems
[Subsystems] Discovering subsystems at path /Users/gaoxuanying/Desktop/AR_SDK_ygx/Android-AR-SDK/fuck/Assets
GfxDevice: creating device client; threaded=0
2021-12-21 11:39:14.338 Unity[84872:7082296] (null) preferred device: Apple M1 (high power)
2021-12-21 11:39:14.338 Unity[84872:7082296] Metal devices available: 1
2021-12-21 11:39:14.338 Unity[84872:7082296] 0: Apple M1 (high power)
2021-12-21 11:39:14.338 Unity[84872:7082296] Using device Apple M1 (high power)
Initializing Metal device caps: Apple M1
Initialize mono
Mono path[0] = '/Applications/Unity/Hub/Editor/2020.3.21f1/Unity.app/Contents/Managed'
Mono path[1] = '/Applications/Unity/Hub/Editor/2020.3.21f1/Unity.app/Contents/MonoBleedingEdge/lib/mono/unityjit'
Mono config path = '/Applications/Unity/Hub/Editor/2020.3.21f1/Unity.app/Contents/MonoBleedingEdge/etc'
Using monoOptions --debugger-agent=transport=dt_socket,embedding=1,server=y,suspend=n,address=127.0.0.1:56872
Begin MonoManager ReloadAssembly
Registering precompiled unity dll's ...
Register platform support module: /Applications/Unity/Hub/Editor/2020.3.21f1/Unity.app/Contents/PlaybackEngines/MacStandaloneSupport/UnityEditor.OSXStandalone.Extensions.dll
Registered in 0.001592 seconds.
Native extension for OSXStandalone target not found
Refreshing native plugins compatible for Editor in 42.33 ms, found 2 plugins.
Preloading 0 native plugins for Editor in 0.00 ms.
Mono: successfully reloaded assembly
- Completed reload, in  3.024 seconds
Domain Reload Profiling:
	ReloadAssembly (3025ms)
		BeginReloadAssembly (93ms)
			ExecutionOrderSort (0ms)
			DisableScriptedObjects (0ms)
			BackupInstance (0ms)
			ReleaseScriptingObjects (0ms)
			CreateAndSetChildDomain (2ms)
		EndReloadAssembly (1168ms)
			LoadAssemblies (91ms)
			RebuildTransferFunctionScriptingTraits (0ms)
			SetupTypeCache (166ms)
			ReleaseScriptCaches (0ms)
			RebuildScriptCaches (47ms)
			SetupLoadedEditorAssemblies (622ms)
				LogAssemblyErrors (0ms)
				InitializePlatformSupportModulesInManaged (12ms)
				SetLoadedEditorAssemblies (1ms)
				RefreshPlugins (42ms)
				BeforeProcessingInitializeOnLoad (106ms)
				ProcessInitializeOnLoadAttributes (350ms)
				ProcessInitializeOnLoadMethodAttributes (110ms)
				AfterProcessingInitializeOnLoad (0ms)
				EditorAssembliesLoaded (1ms)
			ExecutionOrderSort2 (0ms)
			AwakeInstancesAfterBackupRestoration (0ms)
Platform modules already initialized, skipping
Registering precompiled user dll's ...
Registered in 0.004742 seconds.
Begin MonoManager ReloadAssembly
Native extension for OSXStandalone target not found
Refreshing native plugins compatible for Editor in 0.59 ms, found 2 plugins.
Preloading 0 native plugins for Editor in 0.00 ms.
Mono: successfully reloaded assembly
- Completed reload, in  2.679 seconds
Domain Reload Profiling:
	ReloadAssembly (2681ms)
		BeginReloadAssembly (267ms)
			ExecutionOrderSort (0ms)
			DisableScriptedObjects (31ms)
			BackupInstance (0ms)
			ReleaseScriptingObjects (0ms)
			CreateAndSetChildDomain (34ms)
		EndReloadAssembly (2319ms)
			LoadAssemblies (232ms)
			RebuildTransferFunctionScriptingTraits (0ms)
			SetupTypeCache (308ms)
			ReleaseScriptCaches (1ms)
			RebuildScriptCaches (57ms)
			SetupLoadedEditorAssemblies (1459ms)
				LogAssemblyErrors (0ms)
				InitializePlatformSupportModulesInManaged (16ms)
				SetLoadedEditorAssemblies (2ms)
				RefreshPlugins (1ms)
				BeforeProcessingInitializeOnLoad (256ms)
				ProcessInitializeOnLoadAttributes (1085ms)
				ProcessInitializeOnLoadMethodAttributes (98ms)
				AfterProcessingInitializeOnLoad (1ms)
				EditorAssembliesLoaded (1ms)
			ExecutionOrderSort2 (0ms)
			AwakeInstancesAfterBackupRestoration (33ms)
Platform modules already initialized, skipping
Validating Project structure ... 0.000389 seconds.
Shader import version has changed; will reimport all shaders...
Upgrading shader files ...0.001102 seconds.
Application.AssetDatabase Initial Script Refresh Start
RefreshInfo: InitialScriptRefreshV2(NoUpdateAssetOptions) scanfilter:  ... 1 filters
RefreshProfiler: Total: 0.000ms
Application.AssetDatabase Initial Script Refresh End
Application.AssetDatabase.Refresh Start
Application.AssetDatabase.Refresh End
RefreshInfo: StopAssetImportingV2(ForceSynchronousImport) scanfilter: 
RefreshProfiler: Total: 0.000ms
Launching external process: /Applications/Unity/Hub/Editor/2020.3.21f1/Unity.app/Contents/Tools/UnityShaderCompiler
Launched and connected shader compiler UnityShaderCompiler after 0.03 seconds
Initializing Unity extensions:
2021-12-21 11:39:21.174 Unity[84872:7082296] NSEventModifierFlagFunction specified to -setKeyEquivalentModifierMask: for item <NSMenuItem: 0x600001f35880 Font Asset, ke='Command-F12'>, but is only supported for system-provided menu items; will not be used
2021-12-21 11:39:21.177 Unity[84872:7082296] NSEventModifierFlagFunction specified to -setKeyEquivalentModifierMask: for item <NSMenuItem: 0x600001fc7870 Font Asset, ke='Command-F12'>, but is only supported for system-provided menu items; will not be used
========================================================================
Worker process is ready to serve import requests
Refreshing native plugins compatible for Editor in 0.61 ms, found 2 plugins.
Preloading 0 native plugins for Editor in 0.00 ms.
Unloading 2117 Unused Serialized files (Serialized files now loaded: 0)
System memory in use before: 229.4 MB.
System memory in use after: 228.6 MB.

Unloading 140 unused Assets to reduce memory usage. Loaded Objects now: 2563.
Total: 4.907750 ms (FindLiveObjects: 0.145666 ms CreateObjectMapping: 0.042167 ms MarkObjects: 4.299667 ms  DeleteObjects: 0.419417 ms)

AssetImportParameters requested are different than current active one (requested -> active):
  custom:video-decoder-ogg-theora: a1e56fd34408186e4bbccfd4996cb3dc -> 
  custom:container-muxer-webm: aa71ff27fc2769a1b78a27578f13a17b -> 
  custom:container-demuxer-webm: 4f35f7cbe854078d1ac9338744f61a02 -> 
  custom:container-demuxer-ogg: 62fdf1f143b41e24485cea50d1cbac27 -> 
  custom:video-encoder-webm-vp8: eb34c28f22e8b96e1ab97ce403110664 -> 
  custom:framework-osx-AVFoundation: e770b220cccbd017edd2c1fefb359320 -> 
  custom:video-decoder-webm-vp8: 9c59270c3fd7afecdb556c50c9e8de78 -> 
  custom:audio-decoder-ogg-vorbis: bf7c407c2cedff20999df2af8eb42d56 -> 
  custom:audio-encoder-webm-vorbis: bf7c407c2cedff20999df2af8eb42d56 -> 
========================================================================
Received Import Request.
  path: Assets/Shaders
  artifactKey: Guid(09364e5cd27e649fb8ef289906e433dc) Importer(815301076,1909f56bfc062723c751e8b465ee728b)
Start importing Assets/Shaders using Guid(09364e5cd27e649fb8ef289906e433dc) Importer(815301076,1909f56bfc062723c751e8b465ee728b)  -> (artifact id: '4cca33b49559a753af403eebacd933ef') in 0.006575 seconds 
  Import took 0.008923 seconds .

========================================================================
Received Import Request.
  Time since last request: 0.000340 seconds.
  path: Assets/Shaders/shadow.mat
  artifactKey: Guid(5847ed3bec0394c838e1ca27821afdd0) Importer(815301076,1909f56bfc062723c751e8b465ee728b)
Start importing Assets/Shaders/shadow.mat using Guid(5847ed3bec0394c838e1ca27821afdd0) Importer(815301076,1909f56bfc062723c751e8b465ee728b)  -> (artifact id: '939274a151baca3785884846ad0e6fae') in 0.297221 seconds 
  Import took 0.300157 seconds .

========================================================================
Received Import Request.
  Time since last request: 0.002180 seconds.
  path: Assets/Shaders/shadow.shader
  artifactKey: Guid(4c53d4ba6fcd145289573a2cb7520d00) Importer(815301076,1909f56bfc062723c751e8b465ee728b)
Start importing Assets/Shaders/shadow.shader using Guid(4c53d4ba6fcd145289573a2cb7520d00) Importer(815301076,1909f56bfc062723c751e8b465ee728b)  -> (artifact id: '7c2d235bd637035c03ece1d58f3816c6') in 0.067105 seconds 
  Import took 0.069687 seconds .

========================================================================
Received Import Request.
  Time since last request: 707.704262 seconds.
  path: Assets/Fantasy Characters (Pack) Vol.2
  artifactKey: Guid(29e45a37791224e61a3b2b4e5f49c669) Importer(815301076,1909f56bfc062723c751e8b465ee728b)
Start importing Assets/Fantasy Characters (Pack) Vol.2 using Guid(29e45a37791224e61a3b2b4e5f49c669) Importer(815301076,1909f56bfc062723c751e8b465ee728b)  -> (artifact id: '3f2e21cb240773b2ca13be31f90bed0c') in 0.000907 seconds 
  Import took 0.004021 seconds .

========================================================================
Received Import Request.
  Time since last request: 2.921869 seconds.
  path: Assets/Fantasy Characters (Pack) Vol.2/Ghost
  artifactKey: Guid(28ad8373e566af44c8b6487a09303ff8) Importer(815301076,1909f56bfc062723c751e8b465ee728b)
Start importing Assets/Fantasy Characters (Pack) Vol.2/Ghost using Guid(28ad8373e566af44c8b6487a09303ff8) Importer(815301076,1909f56bfc062723c751e8b465ee728b)  -> (artifact id: '33529595d699bf3b7214044fc84b43db') in 0.001020 seconds 
  Import took 0.004125 seconds .

========================================================================
Received Import Request.
  Time since last request: 2.164571 seconds.
  path: Assets/Fantasy Characters (Pack) Vol.2/Ghost/Prefab
  artifactKey: Guid(d496e435d84ea834e8d4a1813eeb2618) Importer(815301076,1909f56bfc062723c751e8b465ee728b)
Start importing Assets/Fantasy Characters (Pack) Vol.2/Ghost/Prefab using Guid(d496e435d84ea834e8d4a1813eeb2618) Importer(815301076,1909f56bfc062723c751e8b465ee728b)  -> (artifact id: 'caaaf60f6deacac88bcb5d58d3dfca06') in 0.001030 seconds 
  Import took 0.004212 seconds .

========================================================================
Received Import Request.
  Time since last request: 0.094327 seconds.
  path: Assets/Fantasy Characters (Pack) Vol.2/Ghost/Prefab/Ghost.prefab
  artifactKey: Guid(da8b559b1b91e0b40b691678af4bb906) Importer(815301076,1909f56bfc062723c751e8b465ee728b)
Start importing Assets/Fantasy Characters (Pack) Vol.2/Ghost/Prefab/Ghost.prefab using Guid(da8b559b1b91e0b40b691678af4bb906) Importer(815301076,1909f56bfc062723c751e8b465ee728b)  -> (artifact id: 'a527a70e144b2d24f84d09d5c4d01fd1') in 0.317012 seconds 
  Import took 0.320380 seconds .

========================================================================
Received Import Request.
  Time since last request: 24.502443 seconds.
  path: Assets/Fantasy Characters (Pack) Vol.2/Ghost/animation
  artifactKey: Guid(b11c2d5872384ea418a5a8fb9fbebcee) Importer(815301076,1909f56bfc062723c751e8b465ee728b)
Start importing Assets/Fantasy Characters (Pack) Vol.2/Ghost/animation using Guid(b11c2d5872384ea418a5a8fb9fbebcee) Importer(815301076,1909f56bfc062723c751e8b465ee728b)  -> (artifact id: '0654ffe4f3794380e96e610505b976ee') in 0.001116 seconds 
  Import took 0.004201 seconds .

========================================================================
Received Import Request.
  Time since last request: 0.092262 seconds.
  path: Assets/Fantasy Characters (Pack) Vol.2/Ghost/animation/Ghost@Animations.FBX
  artifactKey: Guid(0dd740b2065f3e94f9867320a177c870) Importer(815301076,1909f56bfc062723c751e8b465ee728b)
Start importing Assets/Fantasy Characters (Pack) Vol.2/Ghost/animation/Ghost@Animations.FBX using Guid(0dd740b2065f3e94f9867320a177c870) Importer(815301076,1909f56bfc062723c751e8b465ee728b)  -> (artifact id: '584f8ee4ccb92a15435046448d275243') in 0.153965 seconds 
  Import took 0.156860 seconds .

========================================================================
Received Import Request.
  Time since last request: 0.002343 seconds.
  path: Assets/Fantasy Characters (Pack) Vol.2/Ghost/animation/Ghost_Animations.FBX
  artifactKey: Guid(9ec9856d2b874d346b465bcecbf02e0c) Importer(815301076,1909f56bfc062723c751e8b465ee728b)
Start importing Assets/Fantasy Characters (Pack) Vol.2/Ghost/animation/Ghost_Animations.FBX using Guid(9ec9856d2b874d346b465bcecbf02e0c) Importer(815301076,1909f56bfc062723c751e8b465ee728b)  -> (artifact id: 'e9c1deedd6c2c3dc1a43cf3e6f67c3c1') in 0.026374 seconds 
  Import took 0.029209 seconds .

========================================================================
Received Import Request.
  Time since last request: 105.507949 seconds.
  path: Assets/Fantasy Characters (Pack) Vol.2/Ghost/animation/Ghost@Animations.FBX
  artifactKey: Guid(0dd740b2065f3e94f9867320a177c870) Importer(815301076,1909f56bfc062723c751e8b465ee728b)
Start importing Assets/Fantasy Characters (Pack) Vol.2/Ghost/animation/Ghost@Animations.FBX using Guid(0dd740b2065f3e94f9867320a177c870) Importer(815301076,1909f56bfc062723c751e8b465ee728b)  -> (artifact id: 'fd72f4ee1130a57c78c58c7b5d89671b') in 0.022976 seconds 
  Import took 0.025817 seconds .

