E:\unity3d\FinalPlaneSLAM_ygx\orbslam_depthar\orbslam_depthar\Release\cl.command.1.tlog
E:\unity3d\FinalPlaneSLAM_ygx\orbslam_depthar\orbslam_depthar\Release\CL.read.1.tlog
E:\unity3d\FinalPlaneSLAM_ygx\orbslam_depthar\orbslam_depthar\Release\CL.write.1.tlog
E:\UNITY3D\FINALPLANESLAM_YGX\ORBSLAM_DEPTHAR\ORBSLAM_DEPTHAR\RELEASE\CONVERTER.OBJ
E:\UNITY3D\FINALPLANESLAM_YGX\ORBSLAM_DEPTHAR\ORBSLAM_DEPTHAR\RELEASE\FRAME.OBJ
E:\UNITY3D\FINALPLANESLAM_YGX\ORBSLAM_DEPTHAR\ORBSLAM_DEPTHAR\RELEASE\FRAMEPUBLISHER.OBJ
E:\UNITY3D\FINALPLANESLAM_YGX\ORBSLAM_DEPTHAR\ORBSLAM_DEPTHAR\RELEASE\INITIALIZER.OBJ
E:\UNITY3D\FINALPLANESLAM_YGX\ORBSLAM_DEPTHAR\ORBSLAM_DEPTHAR\RELEASE\KEYFRAME.OBJ
E:\UNITY3D\FINALPLANESLAM_YGX\ORBSLAM_DEPTHAR\ORBSLAM_DEPTHAR\RELEASE\KEYFRAMEDATABASE.OBJ
E:\unity3d\FinalPlaneSLAM_ygx\orbslam_depthar\orbslam_depthar\Release\link.command.1.tlog
E:\unity3d\FinalPlaneSLAM_ygx\orbslam_depthar\orbslam_depthar\Release\link.read.1.tlog
E:\unity3d\FinalPlaneSLAM_ygx\orbslam_depthar\orbslam_depthar\Release\link.write.1.tlog
E:\UNITY3D\FINALPLANESLAM_YGX\ORBSLAM_DEPTHAR\ORBSLAM_DEPTHAR\RELEASE\LOCALMAPPING.OBJ
E:\UNITY3D\FINALPLANESLAM_YGX\ORBSLAM_DEPTHAR\ORBSLAM_DEPTHAR\RELEASE\LOOPCLOSING.OBJ
E:\UNITY3D\FINALPLANESLAM_YGX\ORBSLAM_DEPTHAR\ORBSLAM_DEPTHAR\RELEASE\MAIN.OBJ
E:\UNITY3D\FINALPLANESLAM_YGX\ORBSLAM_DEPTHAR\ORBSLAM_DEPTHAR\RELEASE\MAP.OBJ
E:\UNITY3D\FINALPLANESLAM_YGX\ORBSLAM_DEPTHAR\ORBSLAM_DEPTHAR\RELEASE\MAPPOINT.OBJ
E:\UNITY3D\FINALPLANESLAM_YGX\ORBSLAM_DEPTHAR\ORBSLAM_DEPTHAR\RELEASE\MAPPUBLISHER.OBJ
E:\unity3d\FinalPlaneSLAM_ygx\orbslam_depthar\orbslam_depthar\Release\mt.command.1.tlog
E:\unity3d\FinalPlaneSLAM_ygx\orbslam_depthar\orbslam_depthar\Release\mt.read.1.tlog
E:\unity3d\FinalPlaneSLAM_ygx\orbslam_depthar\orbslam_depthar\Release\mt.write.1.tlog
E:\UNITY3D\FINALPLANESLAM_YGX\ORBSLAM_DEPTHAR\ORBSLAM_DEPTHAR\RELEASE\OPTIMIZER.OBJ
E:\UNITY3D\FINALPLANESLAM_YGX\ORBSLAM_DEPTHAR\ORBSLAM_DEPTHAR\RELEASE\ORBEXTRACTOR.OBJ
E:\UNITY3D\FINALPLANESLAM_YGX\ORBSLAM_DEPTHAR\ORBSLAM_DEPTHAR\RELEASE\ORBMATCHER.OBJ
E:\UNITY3D\FINALPLANESLAM_YGX\ORBSLAM_DEPTHAR\ORBSLAM_DEPTHAR\RELEASE\ORBSLAM_DEPTHAR.DLL.INTERMEDIATE.MANIFEST
E:\unity3d\FinalPlaneSLAM_ygx\orbslam_depthar\orbslam_depthar\Release\orbslam_depthar.write.1.tlog
E:\UNITY3D\FINALPLANESLAM_YGX\ORBSLAM_DEPTHAR\ORBSLAM_DEPTHAR\RELEASE\PNPSOLVER.OBJ
E:\UNITY3D\FINALPLANESLAM_YGX\ORBSLAM_DEPTHAR\ORBSLAM_DEPTHAR\RELEASE\SIM3SOLVER.OBJ
E:\UNITY3D\FINALPLANESLAM_YGX\ORBSLAM_DEPTHAR\ORBSLAM_DEPTHAR\RELEASE\TRACKING.OBJ
E:\UNITY3D\FINALPLANESLAM_YGX\ORBSLAM_DEPTHAR\ORBSLAM_DEPTHAR\RELEASE\VC100.PDB
E:\UNITY3D\FINALPLANESLAM_YGX\ORBSLAM_DEPTHAR\RELEASE\ORBSLAM_DEPTHAR.DLL
E:\unity3d\FinalPlaneSLAM_ygx\orbslam_depthar\Release\orbslam_depthar.exp
E:\unity3d\FinalPlaneSLAM_ygx\orbslam_depthar\Release\orbslam_depthar.lib
E:\UNITY3D\FINALPLANESLAM_YGX\ORBSLAM_DEPTHAR\RELEASE\ORBSLAM_DEPTHAR.PDB
